-------------------------------------------------------------------------------
Test set: com.imageinnovate.empcal.empcal.EmpcalApplicationTests
-------------------------------------------------------------------------------
Tests run: 1, Failures: 0, Errors: 1, Skipped: 0, Time elapsed: 0.76 s <<< FAILURE! - in com.imageinnovate.empcal.empcal.EmpcalApplicationTests
com.imageinnovate.empcal.empcal.EmpcalApplicationTests  Time elapsed: 0.757 s  <<< ERROR!
java.lang.IllegalStateException: Unable to find a @SpringBootConfiguration, you need to use @ContextConfiguration or @SpringBootTest(classes=...) with your test

